<?xml version="1.0" encoding="UTF-8"?><testrun name="TestRunner" project="ARF Automation Suite" tests="1" started="1" failures="0" errors="1" ignored="0">
  <testsuite name="CucumberTest.TestRunner" time="0.001">
    <testcase name="initializationError" classname="CucumberTest.TestRunner" time="0.001">
      <error>cucumber.runtime.CucumberException: Error parsing feature file AutobarsLogin.feature&#13;
	at cucumber.runtime.FeatureBuilder.parse(FeatureBuilder.java:133)&#13;
	at cucumber.runtime.model.CucumberFeature.loadFromFeaturePath(CucumberFeature.java:104)&#13;
	at cucumber.runtime.model.CucumberFeature.load(CucumberFeature.java:54)&#13;
	at cucumber.runtime.model.CucumberFeature.load(CucumberFeature.java:34)&#13;
	at cucumber.runtime.RuntimeOptions.cucumberFeatures(RuntimeOptions.java:235)&#13;
	at cucumber.api.junit.Cucumber.&lt;init&gt;(Cucumber.java:60)&#13;
	at sun.reflect.NativeConstructorAccessorImpl.newInstance0(Native Method)&#13;
	at sun.reflect.NativeConstructorAccessorImpl.newInstance(Unknown Source)&#13;
	at sun.reflect.DelegatingConstructorAccessorImpl.newInstance(Unknown Source)&#13;
	at java.lang.reflect.Constructor.newInstance(Unknown Source)&#13;
	at org.junit.internal.builders.AnnotatedBuilder.buildRunner(AnnotatedBuilder.java:104)&#13;
	at org.junit.internal.builders.AnnotatedBuilder.runnerForClass(AnnotatedBuilder.java:86)&#13;
	at org.junit.runners.model.RunnerBuilder.safeRunnerForClass(RunnerBuilder.java:59)&#13;
	at org.junit.internal.builders.AllDefaultPossibilitiesBuilder.runnerForClass(AllDefaultPossibilitiesBuilder.java:26)&#13;
	at org.junit.runners.model.RunnerBuilder.safeRunnerForClass(RunnerBuilder.java:59)&#13;
	at org.junit.internal.requests.ClassRequest.getRunner(ClassRequest.java:33)&#13;
	at org.eclipse.jdt.internal.junit4.runner.JUnit4TestLoader.createUnfilteredTest(JUnit4TestLoader.java:84)&#13;
	at org.eclipse.jdt.internal.junit4.runner.JUnit4TestLoader.createTest(JUnit4TestLoader.java:70)&#13;
	at org.eclipse.jdt.internal.junit4.runner.JUnit4TestLoader.loadTests(JUnit4TestLoader.java:43)&#13;
	at org.eclipse.jdt.internal.junit.runner.RemoteTestRunner.runTests(RemoteTestRunner.java:444)&#13;
	at org.eclipse.jdt.internal.junit.runner.RemoteTestRunner.runTests(RemoteTestRunner.java:675)&#13;
	at org.eclipse.jdt.internal.junit.runner.RemoteTestRunner.run(RemoteTestRunner.java:382)&#13;
	at org.eclipse.jdt.internal.junit.runner.RemoteTestRunner.main(RemoteTestRunner.java:192)&#13;
Caused by: gherkin.lexer.LexingError: Lexing error on line 1: 'Feature : Test Autobars Login functionality&#13;
&#13;
Scenario - Sucessful login with valid credentials&#13;
Given User is on autobars BA login page&#13;
When User navigates to autobars login page&#13;
And user enters valid Username and Password&#13;
Then Message should be displayed Welcome Ealing Council page &#13;
&#13;
&#13;
Scenario - Sucessful logout &#13;
When user Logout from the autobars application&#13;
Then Message displayed Welcome to the Valuation Office Agency&#13;
&#13;

%_FEATURE_END_%'. See http://wiki.github.com/cucumber/gherkin/lexingerror for more information.&#13;
	at gherkin.lexer.En.scan(En.java:872)&#13;
	at gherkin.lexer.I18nLexer.scan(I18nLexer.java:36)&#13;
	at gherkin.parser.Parser.parse(Parser.java:62)&#13;
	at cucumber.runtime.FeatureBuilder.parse(FeatureBuilder.java:131)&#13;
	... 22 more&#13;
&#13;
</error>
    </testcase>
  </testsuite>
</testrun>
